<?xml version="1.0" encoding="UTF-8"?>
<!-- Generated by org.testng.reporters.JUnitReportReporter -->
<testsuite skipped="0" hostname="MAVBCP733" name="com.internetapp.tests.CucumberRunner" tests="2" failures="0" timestamp="28 Jul 2020 06:45:36 GMT" time="25.374" errors="0">
  <testcase name="scenario" time="11.779" classname="com.internetapp.tests.CucumberRunner"/>
  <testcase name="scenario" time="13.595" classname="com.internetapp.tests.CucumberRunner"/>
</testsuite> <!-- com.internetapp.tests.CucumberRunner -->
