<?xml version="1.0" encoding="UTF-8"?>
<!-- Generated by org.testng.reporters.JUnitReportReporter -->
<testsuite skipped="0" hostname="MAVBCP733" name="com.CucumberRunner" tests="3" failures="0" timestamp="28 Jul 2020 10:53:45 GMT" time="147.717" errors="0">
  <testcase name="scenario" time="45.848" classname="com.CucumberRunner"/>
  <testcase name="scenario" time="47.140" classname="com.CucumberRunner"/>
  <testcase name="scenario" time="54.729" classname="com.CucumberRunner"/>
</testsuite> <!-- com.CucumberRunner -->
